# JRE version: OpenJDK Runtime Environment Temurin-21.0.4+7 (21.0.4+7) (build 21.0.4+7-LTS)
# Java VM: OpenJDK 64-Bit Server VM Temurin-21.0.4+7 (21.0.4+7-LTS, mixed mode, tiered, compressed oops, compressed class ptrs, g1 gc, bsd-aarch64)
Heap:
 garbage-first heap   total 164864K, used 37620K [0x00000007e0000000, 0x0000000800000000)
  region size 1024K, 20 young (20480K), 2 survivors (2048K)
 Metaspace       used 30997K, committed 31424K, reserved 1114112K
  class space    used 3326K, committed 3520K, reserved 1048576K
GC Heap History (20 events):
Event: 0.371 GC heap before
{Heap before GC invocations=1 (full 0):
 garbage-first heap   total 294912K, used 26966K [0x00000007e0000000, 0x0000000800000000)
  region size 1024K, 25 young (25600K), 3 survivors (3072K)
 Metaspace       used 21279K, committed 21504K, reserved 1114112K
  class space    used 2315K, committed 2432K, reserved 1048576K
}
Event: 0.374 GC heap after
{Heap after GC invocations=2 (full 0):
 garbage-first heap   total 294912K, used 7697K [0x00000007e0000000, 0x0000000800000000)
  region size 1024K, 1 young (1024K), 1 survivors (1024K)
 Metaspace       used 21279K, committed 21504K, reserved 1114112K
  class space    used 2315K, committed 2432K, reserved 1048576K
}
Event: 0.490 GC heap before
{Heap before GC invocations=3 (full 0):
 garbage-first heap   total 27648K, used 23057K [0x00000007e0000000, 0x0000000800000000)
  region size 1024K, 16 young (16384K), 1 survivors (1024K)
 Metaspace       used 25288K, committed 25536K, reserved 1114112K
  class space    used 2794K, committed 2944K, reserved 1048576K
}
Event: 0.491 GC heap after
{Heap after GC invocations=4 (full 0):
 garbage-first heap   total 27648K, used 8745K [0x00000007e0000000, 0x0000000800000000)
  region size 1024K, 2 young (2048K), 2 survivors (2048K)
 Metaspace       used 25288K, committed 25536K, reserved 1114112K
  class space    used 2794K, committed 2944K, reserved 1048576K
}
Event: 1.216 GC heap before
{Heap before GC invocations=4 (full 0):
 garbage-first heap   total 27648K, used 22057K [0x00000007e0000000, 0x0000000800000000)
  region size 1024K, 15 young (15360K), 2 survivors (2048K)
 Metaspace       used 27606K, committed 27840K, reserved 1114112K
  class space    used 3015K, committed 3136K, reserved 1048576K
}
Event: 1.218 GC heap after
{Heap after GC invocations=5 (full 0):
 garbage-first heap   total 30720K, used 13917K [0x00000007e0000000, 0x0000000800000000)
  region size 1024K, 2 young (2048K), 2 survivors (2048K)
 Metaspace       used 27606K, committed 27840K, reserved 1114112K
  class space    used 3015K, committed 3136K, reserved 1048576K
}
Event: 1.245 GC heap before
{Heap before GC invocations=5 (full 0):
 garbage-first heap   total 30720K, used 22109K [0x00000007e0000000, 0x0000000800000000)
  region size 1024K, 11 young (11264K), 2 survivors (2048K)
 Metaspace       used 28384K, committed 28672K, reserved 1114112K
  class space    used 3119K, committed 3264K, reserved 1048576K
}
Event: 1.246 GC heap after
{Heap after GC invocations=6 (full 0):
 garbage-first heap   total 30720K, used 18849K [0x00000007e0000000, 0x0000000800000000)
  region size 1024K, 2 young (2048K), 2 survivors (2048K)
 Metaspace       used 28384K, committed 28672K, reserved 1114112K
  class space    used 3119K, committed 3264K, reserved 1048576K
}
Event: 1.378 GC heap before
{Heap before GC invocations=6 (full 0):
 garbage-first heap   total 30720K, used 23969K [0x00000007e0000000, 0x0000000800000000)
  region size 1024K, 7 young (7168K), 2 survivors (2048K)
 Metaspace       used 29384K, committed 29696K, reserved 1114112K
  class space    used 3229K, committed 3392K, reserved 1048576K
}
Event: 1.378 GC heap after
{Heap after GC invocations=7 (full 0):
 garbage-first heap   total 30720K, used 19679K [0x00000007e0000000, 0x0000000800000000)
  region size 1024K, 1 young (1024K), 1 survivors (1024K)
 Metaspace       used 29384K, committed 29696K, reserved 1114112K
  class space    used 3229K, committed 3392K, reserved 1048576K
}
Event: 1.604 GC heap before
{Heap before GC invocations=8 (full 0):
 garbage-first heap   total 34816K, used 24799K [0x00000007e0000000, 0x0000000800000000)
  region size 1024K, 6 young (6144K), 1 survivors (1024K)
 Metaspace       used 29464K, committed 29824K, reserved 1114112K
  class space    used 3229K, committed 3392K, reserved 1048576K
}
Event: 1.605 GC heap after
{Heap after GC invocations=9 (full 0):
 garbage-first heap   total 34816K, used 19615K [0x00000007e0000000, 0x0000000800000000)
  region size 1024K, 1 young (1024K), 1 survivors (1024K)
 Metaspace       used 29464K, committed 29824K, reserved 1114112K
  class space    used 3229K, committed 3392K, reserved 1048576K
}
Event: 1.942 GC heap before
{Heap before GC invocations=9 (full 0):
 garbage-first heap   total 34816K, used 26783K [0x00000007e0000000, 0x0000000800000000)
  region size 1024K, 9 young (9216K), 1 survivors (1024K)
 Metaspace       used 29623K, committed 29952K, reserved 1114112K
  class space    used 3229K, committed 3392K, reserved 1048576K
}
Event: 1.943 GC heap after
{Heap after GC invocations=10 (full 0):
 garbage-first heap   total 34816K, used 19384K [0x00000007e0000000, 0x0000000800000000)
  region size 1024K, 1 young (1024K), 1 survivors (1024K)
 Metaspace       used 29623K, committed 29952K, reserved 1114112K
  class space    used 3229K, committed 3392K, reserved 1048576K
}
Event: 2.300 GC heap before
{Heap before GC invocations=10 (full 0):
 garbage-first heap   total 34816K, used 26552K [0x00000007e0000000, 0x0000000800000000)
  region size 1024K, 9 young (9216K), 1 survivors (1024K)
 Metaspace       used 29738K, committed 30080K, reserved 1114112K
  class space    used 3232K, committed 3392K, reserved 1048576K
}
Event: 2.301 GC heap after
{Heap after GC invocations=11 (full 0):
 garbage-first heap   total 34816K, used 19400K [0x00000007e0000000, 0x0000000800000000)
  region size 1024K, 1 young (1024K), 1 survivors (1024K)
 Metaspace       used 29738K, committed 30080K, reserved 1114112K
  class space    used 3232K, committed 3392K, reserved 1048576K
}
Event: 2.917 GC heap before
{Heap before GC invocations=12 (full 0):
 garbage-first heap   total 34816K, used 27592K [0x00000007e0000000, 0x0000000800000000)
  region size 1024K, 10 young (10240K), 1 survivors (1024K)
 Metaspace       used 30363K, committed 30784K, reserved 1114112K
  class space    used 3313K, committed 3520K, reserved 1048576K
}
Event: 2.918 GC heap after
{Heap after GC invocations=13 (full 0):
 garbage-first heap   total 164864K, used 20182K [0x00000007e0000000, 0x0000000800000000)
  region size 1024K, 2 young (2048K), 2 survivors (2048K)
 Metaspace       used 30363K, committed 30784K, reserved 1114112K
  class space    used 3313K, committed 3520K, reserved 1048576K
}
Event: 8.807 GC heap before
{Heap before GC invocations=13 (full 0):
 garbage-first heap   total 164864K, used 115414K [0x00000007e0000000, 0x0000000800000000)
  region size 1024K, 96 young (98304K), 2 survivors (2048K)
 Metaspace       used 30982K, committed 31360K, reserved 1114112K
  class space    used 3325K, committed 3520K, reserved 1048576K
}
Event: 8.809 GC heap after
{Heap after GC invocations=14 (full 0):
 garbage-first heap   total 164864K, used 20212K [0x00000007e0000000, 0x0000000800000000)
  region size 1024K, 2 young (2048K), 2 survivors (2048K)
 Metaspace       used 30982K, committed 31360K, reserved 1114112K
  class space    used 3325K, committed 3520K, reserved 1048576K
}

